  [1m[35m (156.7ms)[0m  [1m[35mCREATE DATABASE "protracker_back_development" ENCODING = 'unicode'[0m
  [1m[35m (73.0ms)[0m  [1m[35mCREATE DATABASE "protracker_back_test" ENCODING = 'unicode'[0m
  [1m[35m (13.0ms)[0m  [1m[35mCREATE TABLE "schema_migrations" ("version" character varying NOT NULL PRIMARY KEY)[0m
  [1m[35m (6.1ms)[0m  [1m[35mCREATE TABLE "ar_internal_metadata" ("key" character varying NOT NULL PRIMARY KEY, "value" character varying, "created_at" timestamp(6) NOT NULL, "updated_at" timestamp(6) NOT NULL)[0m
  [1m[35m (0.3ms)[0m  [1m[34mSELECT pg_try_advisory_lock(5449242693539818635)[0m
  [1m[36mActiveRecord::SchemaMigration Pluck (0.7ms)[0m  [1m[34mSELECT "schema_migrations"."version" FROM "schema_migrations" ORDER BY "schema_migrations"."version" ASC[0m
Migrating to CreateUsers (20230418070258)
  [1m[36mTRANSACTION (0.3ms)[0m  [1m[35mBEGIN[0m
  [1m[35m (8.3ms)[0m  [1m[35mCREATE TABLE "users" ("id" bigserial primary key, "username" character varying, "email" character varying, "password_digest" character varying, "password_reset_token" character varying, "admin" boolean, "bio" text, "github_link" character varying, "avatar_url" character varying, "online_status" character varying, "last_seen_at" timestamp(6), "created_at" timestamp(6) NOT NULL, "updated_at" timestamp(6) NOT NULL)[0m
  [1m[36mActiveRecord::SchemaMigration Create (0.7ms)[0m  [1m[32mINSERT INTO "schema_migrations" ("version") VALUES ($1) RETURNING "version"[0m  [["version", "20230418070258"]]
  [1m[36mTRANSACTION (1.1ms)[0m  [1m[35mCOMMIT[0m
Migrating to CreateCohorts (20230418072337)
  [1m[36mTRANSACTION (0.3ms)[0m  [1m[35mBEGIN[0m
  [1m[35m (9.6ms)[0m  [1m[35mCREATE TABLE "cohorts" ("id" bigserial primary key, "name" character varying, "start_date" character varying, "end_date" character varying, "user_id" bigint NOT NULL, "created_at" timestamp(6) NOT NULL, "updated_at" timestamp(6) NOT NULL, CONSTRAINT "fk_rails_5515141c12"
FOREIGN KEY ("user_id")
  REFERENCES "users" ("id")
)[0m
  [1m[35m (1.9ms)[0m  [1m[35mCREATE INDEX "index_cohorts_on_user_id" ON "cohorts" ("user_id")[0m
  [1m[36mActiveRecord::SchemaMigration Create (0.7ms)[0m  [1m[32mINSERT INTO "schema_migrations" ("version") VALUES ($1) RETURNING "version"[0m  [["version", "20230418072337"]]
  [1m[36mTRANSACTION (1.7ms)[0m  [1m[35mCOMMIT[0m
Migrating to CreateCohortStudents (20230418074240)
  [1m[36mTRANSACTION (0.5ms)[0m  [1m[35mBEGIN[0m
  [1m[35m (10.8ms)[0m  [1m[35mCREATE TABLE "cohort_students" ("id" bigserial primary key, "cohort_id" bigint NOT NULL, "user_id" bigint NOT NULL, "created_at" timestamp(6) NOT NULL, "updated_at" timestamp(6) NOT NULL, CONSTRAINT "fk_rails_e67f6dd121"
FOREIGN KEY ("cohort_id")
  REFERENCES "cohorts" ("id")
, CONSTRAINT "fk_rails_df92492f99"
FOREIGN KEY ("user_id")
  REFERENCES "users" ("id")
)[0m
  [1m[35m (3.2ms)[0m  [1m[35mCREATE INDEX "index_cohort_students_on_cohort_id" ON "cohort_students" ("cohort_id")[0m
  [1m[35m (3.7ms)[0m  [1m[35mCREATE INDEX "index_cohort_students_on_user_id" ON "cohort_students" ("user_id")[0m
  [1m[36mActiveRecord::SchemaMigration Create (0.6ms)[0m  [1m[32mINSERT INTO "schema_migrations" ("version") VALUES ($1) RETURNING "version"[0m  [["version", "20230418074240"]]
  [1m[36mTRANSACTION (1.2ms)[0m  [1m[35mCOMMIT[0m
Migrating to CreateProjects (20230418074941)
  [1m[36mTRANSACTION (0.3ms)[0m  [1m[35mBEGIN[0m
  [1m[35m (10.1ms)[0m  [1m[35mCREATE TABLE "projects" ("id" bigserial primary key, "project_name" character varying, "project_description" character varying, "github_link" character varying, "category" character varying, "user_id" bigint NOT NULL, "cohort_id" bigint NOT NULL, "created_at" timestamp(6) NOT NULL, "updated_at" timestamp(6) NOT NULL, CONSTRAINT "fk_rails_b872a6760a"
FOREIGN KEY ("user_id")
  REFERENCES "users" ("id")
, CONSTRAINT "fk_rails_6ba6e5c92b"
FOREIGN KEY ("cohort_id")
  REFERENCES "cohorts" ("id")
)[0m
  [1m[35m (2.7ms)[0m  [1m[35mCREATE INDEX "index_projects_on_user_id" ON "projects" ("user_id")[0m
  [1m[35m (2.5ms)[0m  [1m[35mCREATE INDEX "index_projects_on_cohort_id" ON "projects" ("cohort_id")[0m
  [1m[36mActiveRecord::SchemaMigration Create (0.4ms)[0m  [1m[32mINSERT INTO "schema_migrations" ("version") VALUES ($1) RETURNING "version"[0m  [["version", "20230418074941"]]
  [1m[36mTRANSACTION (3.1ms)[0m  [1m[35mCOMMIT[0m
Migrating to CreateProjectMembers (20230418075502)
  [1m[36mTRANSACTION (0.6ms)[0m  [1m[35mBEGIN[0m
  [1m[35m (7.3ms)[0m  [1m[35mCREATE TABLE "project_members" ("id" bigserial primary key, "user_id" bigint NOT NULL, "project_id" bigint NOT NULL, "created_at" timestamp(6) NOT NULL, "updated_at" timestamp(6) NOT NULL, CONSTRAINT "fk_rails_49ebe01c9d"
FOREIGN KEY ("user_id")
  REFERENCES "users" ("id")
, CONSTRAINT "fk_rails_f3b43b5269"
FOREIGN KEY ("project_id")
  REFERENCES "projects" ("id")
)[0m
  [1m[35m (2.4ms)[0m  [1m[35mCREATE INDEX "index_project_members_on_user_id" ON "project_members" ("user_id")[0m
  [1m[35m (2.1ms)[0m  [1m[35mCREATE INDEX "index_project_members_on_project_id" ON "project_members" ("project_id")[0m
  [1m[36mActiveRecord::SchemaMigration Create (0.4ms)[0m  [1m[32mINSERT INTO "schema_migrations" ("version") VALUES ($1) RETURNING "version"[0m  [["version", "20230418075502"]]
  [1m[36mTRANSACTION (1.3ms)[0m  [1m[35mCOMMIT[0m
Migrating to CreateAchievements (20230418075855)
  [1m[36mTRANSACTION (0.5ms)[0m  [1m[35mBEGIN[0m
  [1m[35m (6.7ms)[0m  [1m[35mCREATE TABLE "achievements" ("id" bigserial primary key, "name" character varying, "description" text, "created_at" timestamp(6) NOT NULL, "updated_at" timestamp(6) NOT NULL)[0m
  [1m[36mActiveRecord::SchemaMigration Create (0.6ms)[0m  [1m[32mINSERT INTO "schema_migrations" ("version") VALUES ($1) RETURNING "version"[0m  [["version", "20230418075855"]]
  [1m[36mTRANSACTION (1.3ms)[0m  [1m[35mCOMMIT[0m
Migrating to CreateUserAchievements (20230418080212)
  [1m[36mTRANSACTION (0.3ms)[0m  [1m[35mBEGIN[0m
  [1m[35m (7.7ms)[0m  [1m[35mCREATE TABLE "user_achievements" ("id" bigserial primary key, "user_id" bigint NOT NULL, "achievement_id" bigint NOT NULL, "created_at" timestamp(6) NOT NULL, "updated_at" timestamp(6) NOT NULL, CONSTRAINT "fk_rails_4efde02858"
FOREIGN KEY ("user_id")
  REFERENCES "users" ("id")
, CONSTRAINT "fk_rails_c44f5b3b25"
FOREIGN KEY ("achievement_id")
  REFERENCES "achievements" ("id")
)[0m
  [1m[35m (2.3ms)[0m  [1m[35mCREATE INDEX "index_user_achievements_on_user_id" ON "user_achievements" ("user_id")[0m
  [1m[35m (2.2ms)[0m  [1m[35mCREATE INDEX "index_user_achievements_on_achievement_id" ON "user_achievements" ("achievement_id")[0m
  [1m[36mActiveRecord::SchemaMigration Create (0.4ms)[0m  [1m[32mINSERT INTO "schema_migrations" ("version") VALUES ($1) RETURNING "version"[0m  [["version", "20230418080212"]]
  [1m[36mTRANSACTION (1.4ms)[0m  [1m[35mCOMMIT[0m
Migrating to CreateComments (20230418081021)
  [1m[36mTRANSACTION (0.3ms)[0m  [1m[35mBEGIN[0m
  [1m[35m (10.2ms)[0m  [1m[35mCREATE TABLE "comments" ("id" bigserial primary key, "message" text, "user_id" bigint NOT NULL, "project_id" bigint NOT NULL, "parent_comment_id" integer, "created_at" timestamp(6) NOT NULL, "updated_at" timestamp(6) NOT NULL, CONSTRAINT "fk_rails_03de2dc08c"
FOREIGN KEY ("user_id")
  REFERENCES "users" ("id")
, CONSTRAINT "fk_rails_8e3f130030"
FOREIGN KEY ("project_id")
  REFERENCES "projects" ("id")
)[0m
  [1m[35m (2.0ms)[0m  [1m[35mCREATE INDEX "index_comments_on_user_id" ON "comments" ("user_id")[0m
  [1m[35m (1.9ms)[0m  [1m[35mCREATE INDEX "index_comments_on_project_id" ON "comments" ("project_id")[0m
  [1m[36mActiveRecord::SchemaMigration Create (0.6ms)[0m  [1m[32mINSERT INTO "schema_migrations" ("version") VALUES ($1) RETURNING "version"[0m  [["version", "20230418081021"]]
  [1m[36mTRANSACTION (1.6ms)[0m  [1m[35mCOMMIT[0m
Migrating to CreateNotifications (20230418081619)
  [1m[36mTRANSACTION (1.0ms)[0m  [1m[35mBEGIN[0m
  [1m[35m (6.7ms)[0m  [1m[35mCREATE TABLE "notifications" ("id" bigserial primary key, "actor_id" integer, "receiver_id" integer, "message" character varying, "notification_type" character varying, "read" boolean DEFAULT FALSE, "created_at" timestamp(6) NOT NULL, "updated_at" timestamp(6) NOT NULL)[0m
  [1m[36mActiveRecord::SchemaMigration Create (0.4ms)[0m  [1m[32mINSERT INTO "schema_migrations" ("version") VALUES ($1) RETURNING "version"[0m  [["version", "20230418081619"]]
  [1m[36mTRANSACTION (2.4ms)[0m  [1m[35mCOMMIT[0m
Migrating to CreateLikes (20230418081909)
  [1m[36mTRANSACTION (0.4ms)[0m  [1m[35mBEGIN[0m
  [1m[35m (6.0ms)[0m  [1m[35mCREATE TABLE "likes" ("id" bigserial primary key, "project_id" bigint NOT NULL, "user_id" bigint NOT NULL, "created_at" timestamp(6) NOT NULL, "updated_at" timestamp(6) NOT NULL, CONSTRAINT "fk_rails_7b023c6c72"
FOREIGN KEY ("project_id")
  REFERENCES "projects" ("id")
, CONSTRAINT "fk_rails_1e09b5dabf"
FOREIGN KEY ("user_id")
  REFERENCES "users" ("id")
)[0m
  [1m[35m (2.7ms)[0m  [1m[35mCREATE INDEX "index_likes_on_project_id" ON "likes" ("project_id")[0m
  [1m[35m (2.0ms)[0m  [1m[35mCREATE INDEX "index_likes_on_user_id" ON "likes" ("user_id")[0m
  [1m[36mActiveRecord::SchemaMigration Create (0.7ms)[0m  [1m[32mINSERT INTO "schema_migrations" ("version") VALUES ($1) RETURNING "version"[0m  [["version", "20230418081909"]]
  [1m[36mTRANSACTION (2.1ms)[0m  [1m[35mCOMMIT[0m
Migrating to CreateTags (20230418082134)
  [1m[36mTRANSACTION (0.3ms)[0m  [1m[35mBEGIN[0m
  [1m[35m (7.0ms)[0m  [1m[35mCREATE TABLE "tags" ("id" bigserial primary key, "name" character varying, "project_id" bigint, "created_at" timestamp(6) NOT NULL, "updated_at" timestamp(6) NOT NULL)[0m
  [1m[35m (2.4ms)[0m  [1m[35mCREATE INDEX "index_tags_on_project_id" ON "tags" ("project_id")[0m
  [1m[36mActiveRecord::SchemaMigration Create (0.8ms)[0m  [1m[32mINSERT INTO "schema_migrations" ("version") VALUES ($1) RETURNING "version"[0m  [["version", "20230418082134"]]
  [1m[36mTRANSACTION (1.2ms)[0m  [1m[35mCOMMIT[0m
Migrating to CreateActivities (20230418083340)
  [1m[36mTRANSACTION (0.4ms)[0m  [1m[35mBEGIN[0m
  [1m[35m (7.4ms)[0m  [1m[35mCREATE TABLE "activities" ("id" serial NOT NULL PRIMARY KEY, "trackable_type" character varying, "trackable_id" integer, "owner_type" character varying, "owner_id" integer, "key" character varying, "parameters" text, "recipient_type" character varying, "recipient_id" integer, "created_at" timestamp NOT NULL, "updated_at" timestamp NOT NULL)[0m
  [1m[35m (3.7ms)[0m  [1m[35mCREATE INDEX "index_activities_on_trackable_type_and_trackable_id" ON "activities" ("trackable_type", "trackable_id")[0m
  [1m[35m (2.4ms)[0m  [1m[35mCREATE INDEX "index_activities_on_owner_type_and_owner_id" ON "activities" ("owner_type", "owner_id")[0m
  [1m[35m (1.8ms)[0m  [1m[35mCREATE INDEX "index_activities_on_recipient_type_and_recipient_id" ON "activities" ("recipient_type", "recipient_id")[0m
  [1m[35m (2.6ms)[0m  [1m[35mCREATE INDEX "index_activities_on_trackable_id_and_trackable_type" ON "activities" ("trackable_id", "trackable_type")[0m
  [1m[35m (2.7ms)[0m  [1m[35mCREATE INDEX "index_activities_on_owner_id_and_owner_type" ON "activities" ("owner_id", "owner_type")[0m
  [1m[35m (3.2ms)[0m  [1m[35mCREATE INDEX "index_activities_on_recipient_id_and_recipient_type" ON "activities" ("recipient_id", "recipient_type")[0m
  [1m[36mActiveRecord::SchemaMigration Create (0.8ms)[0m  [1m[32mINSERT INTO "schema_migrations" ("version") VALUES ($1) RETURNING "version"[0m  [["version", "20230418083340"]]
  [1m[36mTRANSACTION (2.0ms)[0m  [1m[35mCOMMIT[0m
  [1m[36mActiveRecord::InternalMetadata Load (1.6ms)[0m  [1m[34mSELECT "ar_internal_metadata".* FROM "ar_internal_metadata" WHERE "ar_internal_metadata"."key" = $1 LIMIT $2[0m  [["key", "environment"], ["LIMIT", 1]]
  [1m[36mTRANSACTION (0.3ms)[0m  [1m[35mBEGIN[0m
  [1m[36mActiveRecord::InternalMetadata Create (1.1ms)[0m  [1m[32mINSERT INTO "ar_internal_metadata" ("key", "value", "created_at", "updated_at") VALUES ($1, $2, $3, $4) RETURNING "key"[0m  [["key", "environment"], ["value", "development"], ["created_at", "2023-04-18 16:09:42.674472"], ["updated_at", "2023-04-18 16:09:42.674472"]]
  [1m[36mTRANSACTION (1.4ms)[0m  [1m[35mCOMMIT[0m
  [1m[35m (1.0ms)[0m  [1m[34mSELECT pg_advisory_unlock(5449242693539818635)[0m
  [1m[36mActiveRecord::SchemaMigration Pluck (1.8ms)[0m  [1m[34mSELECT "schema_migrations"."version" FROM "schema_migrations" ORDER BY "schema_migrations"."version" ASC[0m
  [1m[35m (2.9ms)[0m  [1m[35mCREATE DATABASE "protracker_back_development" ENCODING = 'unicode'[0m
  [1m[35m (0.8ms)[0m  [1m[35mCREATE DATABASE "protracker_back_test" ENCODING = 'unicode'[0m
  [1m[35m (0.5ms)[0m  [1m[34mSELECT pg_try_advisory_lock(5449242693539818635)[0m
  [1m[36mActiveRecord::SchemaMigration Pluck (0.7ms)[0m  [1m[34mSELECT "schema_migrations"."version" FROM "schema_migrations" ORDER BY "schema_migrations"."version" ASC[0m
  [1m[36mActiveRecord::InternalMetadata Load (0.5ms)[0m  [1m[34mSELECT "ar_internal_metadata".* FROM "ar_internal_metadata" WHERE "ar_internal_metadata"."key" = $1 LIMIT $2[0m  [["key", "environment"], ["LIMIT", 1]]
  [1m[35m (0.4ms)[0m  [1m[34mSELECT pg_advisory_unlock(5449242693539818635)[0m
  [1m[36mActiveRecord::SchemaMigration Pluck (0.7ms)[0m  [1m[34mSELECT "schema_migrations"."version" FROM "schema_migrations" ORDER BY "schema_migrations"."version" ASC[0m
Started GET "/notifications" for 127.0.0.1 at 2023-04-18 19:12:30 +0300
  [1m[36mActiveRecord::SchemaMigration Pluck (2.1ms)[0m  [1m[34mSELECT "schema_migrations"."version" FROM "schema_migrations" ORDER BY "schema_migrations"."version" ASC[0m
  
ActionController::RoutingError (No route matches [GET] "/notifications"):
  
Started POST "/signup" for 127.0.0.1 at 2023-04-19 08:19:47 +0300
  [1m[36mActiveRecord::SchemaMigration Pluck (0.9ms)[0m  [1m[34mSELECT "schema_migrations"."version" FROM "schema_migrations" ORDER BY "schema_migrations"."version" ASC[0m
  
NameError (uninitialized constant ApplicationController::Pundit):
  
app/controllers/application_controller.rb:4:in `<class:ApplicationController>'
app/controllers/application_controller.rb:1:in `<main>'
app/controllers/users_controller.rb:1:in `<main>'
Started POST "/signup" for 127.0.0.1 at 2023-04-19 08:20:01 +0300
  
NameError (uninitialized constant ApplicationController::Pundit):
  
app/controllers/application_controller.rb:4:in `<class:ApplicationController>'
app/controllers/application_controller.rb:1:in `<main>'
app/controllers/users_controller.rb:1:in `<main>'
Started POST "/signup" for 127.0.0.1 at 2023-04-19 08:20:21 +0300
  [1m[36mActiveRecord::SchemaMigration Pluck (0.9ms)[0m  [1m[34mSELECT "schema_migrations"."version" FROM "schema_migrations" ORDER BY "schema_migrations"."version" ASC[0m
  
LoadError (cannot load such file -- bcrypt):
  
app/models/user.rb:2:in `<class:User>'
app/models/user.rb:1:in `<main>'
Started POST "/signup" for 127.0.0.1 at 2023-04-19 08:25:09 +0300
  [1m[36mActiveRecord::SchemaMigration Pluck (0.9ms)[0m  [1m[34mSELECT "schema_migrations"."version" FROM "schema_migrations" ORDER BY "schema_migrations"."version" ASC[0m
Processing by UsersController#create as */*
  Parameters: {"first_name"=>"Jeff", "last_name"=>"Maina", "email"=>"jeffmaina@gmail.com", "password"=>"[FILTERED]", "user"=>{"email"=>"jeffmaina@gmail.com"}}
  [1m[36mUser Load (0.5ms)[0m  [1m[34mSELECT "users".* FROM "users" WHERE "users"."id" IS NULL LIMIT $1[0m  [["LIMIT", 1]]
  ↳ app/controllers/application_controller.rb:69:in `current_user'
  [1m[36mCACHE User Load (0.1ms)[0m  [1m[34mSELECT "users".* FROM "users" WHERE "users"."id" IS NULL LIMIT $1[0m  [["LIMIT", 1]]
  ↳ app/controllers/application_controller.rb:69:in `current_user'
[31mUnpermitted parameters: :first_name, :last_name, :user. Context: { controller: UsersController, action: create, request: #<ActionDispatch::Request:0x00007f294c282518>, params: {"first_name"=>"Jeff", "last_name"=>"Maina", "email"=>"jeffmaina@gmail.com", "password"=>"[FILTERED]", "controller"=>"users", "action"=>"create", "user"=>{"email"=>"jeffmaina@gmail.com"}} }[0m
  [1m[36mTRANSACTION (0.2ms)[0m  [1m[35mBEGIN[0m
  ↳ app/controllers/users_controller.rb:12:in `create'
  [1m[36mUser Exists? (1.3ms)[0m  [1m[34mSELECT 1 AS one FROM "users" WHERE "users"."email" = $1 LIMIT $2[0m  [["email", "jeffmaina@gmail.com"], ["LIMIT", 1]]
  ↳ app/controllers/users_controller.rb:12:in `create'
  [1m[36mUser Create (4.1ms)[0m  [1m[32mINSERT INTO "users" ("username", "email", "password_digest", "password_reset_token", "admin", "bio", "github_link", "avatar_url", "online_status", "last_seen_at", "created_at", "updated_at") VALUES ($1, $2, $3, $4, $5, $6, $7, $8, $9, $10, $11, $12) RETURNING "id"[0m  [["username", "Jeff Maina"], ["email", "jeffmaina@gmail.com"], ["password_digest", "[FILTERED]"], ["password_reset_token", "[FILTERED]"], ["admin", nil], ["bio", nil], ["github_link", nil], ["avatar_url", nil], ["online_status", nil], ["last_seen_at", nil], ["created_at", "2023-04-19 05:25:10.663353"], ["updated_at", "2023-04-19 05:25:10.663353"]]
  ↳ app/controllers/users_controller.rb:12:in `create'
  [1m[36mPublicActivity::Activity Create (6.0ms)[0m  [1m[32mINSERT INTO "activities" ("trackable_type", "trackable_id", "owner_type", "owner_id", "key", "parameters", "recipient_type", "recipient_id", "created_at", "updated_at") VALUES ($1, $2, $3, $4, $5, $6, $7, $8, $9, $10) RETURNING "id"[0m  [["trackable_type", "User"], ["trackable_id", 1], ["owner_type", nil], ["owner_id", nil], ["key", "user.create"], ["parameters", nil], ["recipient_type", nil], ["recipient_id", nil], ["created_at", "2023-04-19 05:25:10.749484"], ["updated_at", "2023-04-19 05:25:10.749484"]]
  ↳ app/controllers/users_controller.rb:12:in `create'
  [1m[36mTRANSACTION (1.1ms)[0m  [1m[35mCOMMIT[0m
  ↳ app/controllers/users_controller.rb:12:in `create'
  [1m[36mUser Load (0.6ms)[0m  [1m[34mSELECT "users".* FROM "users" WHERE "users"."id" IS NULL LIMIT $1[0m  [["LIMIT", 1]]
  ↳ app/controllers/application_controller.rb:69:in `current_user'
[active_model_serializers] Rendered ActiveModel::Serializer::Null with User (0.73ms)
Completed 201 Created in 890ms (Views: 13.8ms | ActiveRecord: 33.1ms | Allocations: 55384)


Started GET "/checkout" for 127.0.0.1 at 2023-04-19 08:26:34 +0300
Processing by SessionController#check_out as */*
  Parameters: {"first_name"=>"Jeff", "last_name"=>"Maina", "email"=>"jeffmaina@gmail.com", "password"=>"[FILTERED]", "session"=>{"first_name"=>"Jeff", "last_name"=>"Maina", "email"=>"jeffmaina@gmail.com", "password"=>"[FILTERED]"}}
  [1m[36mUser Load (1.4ms)[0m  [1m[34mSELECT "users".* FROM "users" WHERE "users"."id" IS NULL LIMIT $1[0m  [["LIMIT", 1]]
  ↳ app/controllers/application_controller.rb:69:in `current_user'
  [1m[36mCACHE User Load (0.0ms)[0m  [1m[34mSELECT "users".* FROM "users" WHERE "users"."id" IS NULL LIMIT $1[0m  [["LIMIT", 1]]
  ↳ app/controllers/application_controller.rb:69:in `current_user'
  [1m[36mCACHE User Load (0.1ms)[0m  [1m[34mSELECT "users".* FROM "users" WHERE "users"."id" IS NULL LIMIT $1[0m  [["LIMIT", 1]]
  ↳ app/controllers/application_controller.rb:69:in `current_user'
  [1m[36mCACHE User Load (0.1ms)[0m  [1m[34mSELECT "users".* FROM "users" WHERE "users"."id" IS NULL LIMIT $1[0m  [["LIMIT", 1]]
  ↳ app/controllers/application_controller.rb:69:in `current_user'
[active_model_serializers] Rendered ActiveModel::Serializer::Null with Hash (0.16ms)
Completed 200 OK in 59ms (Views: 4.6ms | ActiveRecord: 5.8ms | Allocations: 15432)


Started GET "/login" for 127.0.0.1 at 2023-04-19 08:26:42 +0300
  
ActionController::RoutingError (No route matches [GET] "/login"):
  
Started POST "/login" for 127.0.0.1 at 2023-04-19 08:26:45 +0300
Processing by SessionController#login as */*
  Parameters: {"first_name"=>"Jeff", "last_name"=>"Maina", "email"=>"jeffmaina@gmail.com", "password"=>"[FILTERED]", "session"=>{"first_name"=>"Jeff", "last_name"=>"Maina", "email"=>"jeffmaina@gmail.com", "password"=>"[FILTERED]"}}
  [1m[36mUser Load (0.5ms)[0m  [1m[34mSELECT "users".* FROM "users" WHERE "users"."id" IS NULL LIMIT $1[0m  [["LIMIT", 1]]
  ↳ app/controllers/application_controller.rb:69:in `current_user'
  [1m[36mCACHE User Load (0.0ms)[0m  [1m[34mSELECT "users".* FROM "users" WHERE "users"."id" IS NULL LIMIT $1[0m  [["LIMIT", 1]]
  ↳ app/controllers/application_controller.rb:69:in `current_user'
  [1m[36mUser Load (0.4ms)[0m  [1m[34mSELECT "users".* FROM "users" WHERE "users"."email" = $1 LIMIT $2[0m  [["email", "jeffmaina@gmail.com"], ["LIMIT", 1]]
  ↳ app/controllers/session_controller.rb:4:in `login'
  [1m[36mUser Load (0.4ms)[0m  [1m[34mSELECT "users".* FROM "users" WHERE "users"."id" = $1 LIMIT $2[0m  [["id", 1], ["LIMIT", 1]]
  ↳ app/controllers/application_controller.rb:69:in `current_user'
[active_model_serializers] Rendered ActiveModel::Serializer::Null with Hash (0.83ms)
Completed 200 OK in 340ms (Views: 4.1ms | ActiveRecord: 5.7ms | Allocations: 5901)


Started POST "/checkout" for 127.0.0.1 at 2023-04-19 08:26:52 +0300
  
ActionController::RoutingError (No route matches [POST] "/checkout"):
  
Started GET "/checkout" for 127.0.0.1 at 2023-04-19 08:26:55 +0300
Processing by SessionController#check_out as */*
  Parameters: {"first_name"=>"Jeff", "last_name"=>"Maina", "email"=>"jeffmaina@gmail.com", "password"=>"[FILTERED]", "session"=>{"first_name"=>"Jeff", "last_name"=>"Maina", "email"=>"jeffmaina@gmail.com", "password"=>"[FILTERED]"}}
  [1m[36mUser Load (0.8ms)[0m  [1m[34mSELECT "users".* FROM "users" WHERE "users"."id" = $1 LIMIT $2[0m  [["id", 1], ["LIMIT", 1]]
  ↳ app/controllers/application_controller.rb:69:in `current_user'
  [1m[36mCACHE User Load (0.0ms)[0m  [1m[34mSELECT "users".* FROM "users" WHERE "users"."id" = $1 LIMIT $2[0m  [["id", 1], ["LIMIT", 1]]
  ↳ app/controllers/application_controller.rb:69:in `current_user'
  [1m[36mCACHE User Load (0.0ms)[0m  [1m[34mSELECT "users".* FROM "users" WHERE "users"."id" = $1 LIMIT $2[0m  [["id", 1], ["LIMIT", 1]]
  ↳ app/controllers/application_controller.rb:69:in `current_user'
  [1m[36mCACHE User Load (0.1ms)[0m  [1m[34mSELECT "users".* FROM "users" WHERE "users"."id" = $1 LIMIT $2[0m  [["id", 1], ["LIMIT", 1]]
  ↳ app/controllers/application_controller.rb:69:in `current_user'
  [1m[36mTRANSACTION (0.2ms)[0m  [1m[35mBEGIN[0m
  ↳ app/controllers/application_controller.rb:15:in `update_last_seen_at'
  [1m[36mUser Update (1.7ms)[0m  [1m[33mUPDATE "users" SET "last_seen_at" = $1, "updated_at" = $2 WHERE "users"."id" = $3[0m  [["last_seen_at", "2023-04-19 05:26:55.917743"], ["updated_at", "2023-04-19 05:26:55.918593"], ["id", 1]]
  ↳ app/controllers/application_controller.rb:15:in `update_last_seen_at'
  [1m[36mPublicActivity::Activity Create (0.6ms)[0m  [1m[32mINSERT INTO "activities" ("trackable_type", "trackable_id", "owner_type", "owner_id", "key", "parameters", "recipient_type", "recipient_id", "created_at", "updated_at") VALUES ($1, $2, $3, $4, $5, $6, $7, $8, $9, $10) RETURNING "id"[0m  [["trackable_type", "User"], ["trackable_id", 1], ["owner_type", nil], ["owner_id", nil], ["key", "user.update"], ["parameters", nil], ["recipient_type", nil], ["recipient_id", nil], ["created_at", "2023-04-19 05:26:55.928393"], ["updated_at", "2023-04-19 05:26:55.928393"]]
  ↳ app/controllers/application_controller.rb:15:in `update_last_seen_at'
  [1m[36mTRANSACTION (1.2ms)[0m  [1m[35mCOMMIT[0m
  ↳ app/controllers/application_controller.rb:15:in `update_last_seen_at'
  [1m[36mUser Load (1.2ms)[0m  [1m[34mSELECT "users".* FROM "users" WHERE "users"."id" = $1 LIMIT $2[0m  [["id", 1], ["LIMIT", 1]]
  ↳ app/controllers/application_controller.rb:69:in `current_user'
  [1m[36mCACHE User Load (0.0ms)[0m  [1m[34mSELECT "users".* FROM "users" WHERE "users"."id" = $1 LIMIT $2[0m  [["id", 1], ["LIMIT", 1]]
  ↳ app/controllers/application_controller.rb:69:in `current_user'
  [1m[36mCACHE User Load (0.1ms)[0m  [1m[34mSELECT "users".* FROM "users" WHERE "users"."id" = $1 LIMIT $2[0m  [["id", 1], ["LIMIT", 1]]
  ↳ app/controllers/application_controller.rb:69:in `current_user'
[active_model_serializers] Rendered ActiveModel::Serializer::Null with User (0.77ms)
Completed 200 OK in 46ms (Views: 9.4ms | ActiveRecord: 6.0ms | Allocations: 8733)


Started GET "/my_profile" for 127.0.0.1 at 2023-04-19 08:27:05 +0300
Processing by UsersController#my_profile as */*
  Parameters: {"first_name"=>"Jeff", "last_name"=>"Maina", "email"=>"jeffmaina@gmail.com", "password"=>"[FILTERED]", "user"=>{"email"=>"jeffmaina@gmail.com"}}
  [1m[36mUser Load (0.7ms)[0m  [1m[34mSELECT "users".* FROM "users" WHERE "users"."id" = $1 LIMIT $2[0m  [["id", 1], ["LIMIT", 1]]
  ↳ app/controllers/application_controller.rb:69:in `current_user'
  [1m[36mCACHE User Load (0.0ms)[0m  [1m[34mSELECT "users".* FROM "users" WHERE "users"."id" = $1 LIMIT $2[0m  [["id", 1], ["LIMIT", 1]]
  ↳ app/controllers/application_controller.rb:69:in `current_user'
  [1m[36mCACHE User Load (0.0ms)[0m  [1m[34mSELECT "users".* FROM "users" WHERE "users"."id" = $1 LIMIT $2[0m  [["id", 1], ["LIMIT", 1]]
  ↳ app/controllers/application_controller.rb:69:in `current_user'
  [1m[36mCACHE User Load (0.0ms)[0m  [1m[34mSELECT "users".* FROM "users" WHERE "users"."id" = $1 LIMIT $2[0m  [["id", 1], ["LIMIT", 1]]
  ↳ app/controllers/application_controller.rb:69:in `current_user'
  [1m[36mCACHE User Load (0.0ms)[0m  [1m[34mSELECT "users".* FROM "users" WHERE "users"."id" = $1 LIMIT $2[0m  [["id", 1], ["LIMIT", 1]]
  ↳ app/controllers/application_controller.rb:69:in `current_user'
  [1m[36mCACHE User Load (0.0ms)[0m  [1m[34mSELECT "users".* FROM "users" WHERE "users"."id" = $1 LIMIT $2[0m  [["id", 1], ["LIMIT", 1]]
  ↳ app/controllers/application_controller.rb:69:in `current_user'
[active_model_serializers] Rendered ActiveModel::Serializer::Null with User (0.77ms)
Completed 200 OK in 21ms (Views: 4.1ms | ActiveRecord: 0.9ms | Allocations: 2802)


Started GET "/logout" for 127.0.0.1 at 2023-04-19 08:27:40 +0300
  
ActionController::RoutingError (No route matches [GET] "/logout"):
  
Started DELETE "/logout" for 127.0.0.1 at 2023-04-19 08:27:52 +0300
Processing by SessionController#destroy as */*
  Parameters: {"first_name"=>"Jeff", "last_name"=>"Maina", "email"=>"jeffmaina@gmail.com", "password"=>"[FILTERED]", "session"=>{"first_name"=>"Jeff", "last_name"=>"Maina", "email"=>"jeffmaina@gmail.com", "password"=>"[FILTERED]"}}
  [1m[36mUser Load (0.6ms)[0m  [1m[34mSELECT "users".* FROM "users" WHERE "users"."id" = $1 LIMIT $2[0m  [["id", 1], ["LIMIT", 1]]
  ↳ app/controllers/application_controller.rb:69:in `current_user'
  [1m[36mCACHE User Load (0.0ms)[0m  [1m[34mSELECT "users".* FROM "users" WHERE "users"."id" = $1 LIMIT $2[0m  [["id", 1], ["LIMIT", 1]]
  ↳ app/controllers/application_controller.rb:69:in `current_user'
  [1m[36mCACHE User Load (0.0ms)[0m  [1m[34mSELECT "users".* FROM "users" WHERE "users"."id" = $1 LIMIT $2[0m  [["id", 1], ["LIMIT", 1]]
  ↳ app/controllers/application_controller.rb:69:in `current_user'
  [1m[36mCACHE User Load (0.0ms)[0m  [1m[34mSELECT "users".* FROM "users" WHERE "users"."id" = $1 LIMIT $2[0m  [["id", 1], ["LIMIT", 1]]
  ↳ app/controllers/application_controller.rb:69:in `current_user'
  [1m[36mUser Load (0.4ms)[0m  [1m[34mSELECT "users".* FROM "users" WHERE "users"."id" IS NULL LIMIT $1[0m  [["LIMIT", 1]]
  ↳ app/controllers/application_controller.rb:69:in `current_user'
[active_model_serializers] Rendered ActiveModel::Serializer::Null with Hash (0.31ms)
Completed 200 OK in 15ms (Views: 4.3ms | ActiveRecord: 1.0ms | Allocations: 2441)


Started DELETE "/checkout" for 127.0.0.1 at 2023-04-19 08:27:58 +0300
  
ActionController::RoutingError (No route matches [DELETE] "/checkout"):
  
Started GET "/checkout" for 127.0.0.1 at 2023-04-19 08:28:02 +0300
Processing by SessionController#check_out as */*
  Parameters: {"first_name"=>"Jeff", "last_name"=>"Maina", "email"=>"jeffmaina@gmail.com", "password"=>"[FILTERED]", "session"=>{"first_name"=>"Jeff", "last_name"=>"Maina", "email"=>"jeffmaina@gmail.com", "password"=>"[FILTERED]"}}
  [1m[36mUser Load (0.3ms)[0m  [1m[34mSELECT "users".* FROM "users" WHERE "users"."id" IS NULL LIMIT $1[0m  [["LIMIT", 1]]
  ↳ app/controllers/application_controller.rb:69:in `current_user'
  [1m[36mCACHE User Load (0.0ms)[0m  [1m[34mSELECT "users".* FROM "users" WHERE "users"."id" IS NULL LIMIT $1[0m  [["LIMIT", 1]]
  ↳ app/controllers/application_controller.rb:69:in `current_user'
  [1m[36mCACHE User Load (0.0ms)[0m  [1m[34mSELECT "users".* FROM "users" WHERE "users"."id" IS NULL LIMIT $1[0m  [["LIMIT", 1]]
  ↳ app/controllers/application_controller.rb:69:in `current_user'
  [1m[36mCACHE User Load (0.0ms)[0m  [1m[34mSELECT "users".* FROM "users" WHERE "users"."id" IS NULL LIMIT $1[0m  [["LIMIT", 1]]
  ↳ app/controllers/application_controller.rb:69:in `current_user'
[active_model_serializers] Rendered ActiveModel::Serializer::Null with Hash (0.18ms)
Completed 200 OK in 12ms (Views: 6.1ms | ActiveRecord: 0.4ms | Allocations: 2306)


Started GET "/update" for 127.0.0.1 at 2023-04-19 08:32:27 +0300
  
ActionController::RoutingError (No route matches [GET] "/update"):
  
Started PUT "/update" for 127.0.0.1 at 2023-04-19 08:32:32 +0300
Processing by UsersController#update as */*
  Parameters: {"first_name"=>"Jeff", "last_name"=>"Maina", "bio"=>"Frontend and Backend Developer", "github_link"=>"https://jeffy2k", "user"=>{"bio"=>"Frontend and Backend Developer", "github_link"=>"https://jeffy2k"}}
  [1m[36mUser Load (1.4ms)[0m  [1m[34mSELECT "users".* FROM "users" WHERE "users"."id" IS NULL LIMIT $1[0m  [["LIMIT", 1]]
  ↳ app/controllers/application_controller.rb:69:in `current_user'
  [1m[36mCACHE User Load (0.1ms)[0m  [1m[34mSELECT "users".* FROM "users" WHERE "users"."id" IS NULL LIMIT $1[0m  [["LIMIT", 1]]
  ↳ app/controllers/application_controller.rb:69:in `current_user'
  [1m[36mCACHE User Load (0.1ms)[0m  [1m[34mSELECT "users".* FROM "users" WHERE "users"."id" IS NULL LIMIT $1[0m  [["LIMIT", 1]]
  ↳ app/controllers/application_controller.rb:69:in `current_user'
[31mUnpermitted parameters: :first_name, :last_name, :user. Context: { controller: UsersController, action: update, request: #<ActionDispatch::Request:0x00007f2938093900>, params: {"first_name"=>"Jeff", "last_name"=>"Maina", "bio"=>"Frontend and Backend Developer", "github_link"=>"https://jeffy2k", "controller"=>"users", "action"=>"update", "user"=>{"bio"=>"Frontend and Backend Developer", "github_link"=>"https://jeffy2k"}} }[0m
Completed 500 Internal Server Error in 21ms (ActiveRecord: 6.0ms | Allocations: 2673)


  
NoMethodError (undefined method `update' for nil:NilClass):
  
app/controllers/users_controller.rb:61:in `update'
Started GET "/checkout" for 127.0.0.1 at 2023-04-19 08:32:47 +0300
Processing by SessionController#check_out as */*
  Parameters: {"first_name"=>"Jeff", "last_name"=>"Maina", "bio"=>"Frontend and Backend Developer", "github_link"=>"https://jeffy2k", "session"=>{"first_name"=>"Jeff", "last_name"=>"Maina", "bio"=>"Frontend and Backend Developer", "github_link"=>"https://jeffy2k"}}
  [1m[36mUser Load (0.4ms)[0m  [1m[34mSELECT "users".* FROM "users" WHERE "users"."id" IS NULL LIMIT $1[0m  [["LIMIT", 1]]
  ↳ app/controllers/application_controller.rb:69:in `current_user'
  [1m[36mCACHE User Load (0.0ms)[0m  [1m[34mSELECT "users".* FROM "users" WHERE "users"."id" IS NULL LIMIT $1[0m  [["LIMIT", 1]]
  ↳ app/controllers/application_controller.rb:69:in `current_user'
  [1m[36mCACHE User Load (0.1ms)[0m  [1m[34mSELECT "users".* FROM "users" WHERE "users"."id" IS NULL LIMIT $1[0m  [["LIMIT", 1]]
  ↳ app/controllers/application_controller.rb:69:in `current_user'
  [1m[36mCACHE User Load (0.0ms)[0m  [1m[34mSELECT "users".* FROM "users" WHERE "users"."id" IS NULL LIMIT $1[0m  [["LIMIT", 1]]
  ↳ app/controllers/application_controller.rb:69:in `current_user'
[active_model_serializers] Rendered ActiveModel::Serializer::Null with Hash (0.17ms)
Completed 200 OK in 17ms (Views: 7.3ms | ActiveRecord: 0.5ms | Allocations: 4495)


Started POST "/login" for 127.0.0.1 at 2023-04-19 08:32:55 +0300
Processing by SessionController#login as */*
  Parameters: {"first_name"=>"Jeff", "last_name"=>"Maina", "bio"=>"Frontend and Backend Developer", "github_link"=>"https://jeffy2k", "session"=>{"first_name"=>"Jeff", "last_name"=>"Maina", "bio"=>"Frontend and Backend Developer", "github_link"=>"https://jeffy2k"}}
  [1m[36mUser Load (0.5ms)[0m  [1m[34mSELECT "users".* FROM "users" WHERE "users"."id" IS NULL LIMIT $1[0m  [["LIMIT", 1]]
  ↳ app/controllers/application_controller.rb:69:in `current_user'
  [1m[36mCACHE User Load (0.0ms)[0m  [1m[34mSELECT "users".* FROM "users" WHERE "users"."id" IS NULL LIMIT $1[0m  [["LIMIT", 1]]
  ↳ app/controllers/application_controller.rb:69:in `current_user'
  [1m[36mUser Load (0.6ms)[0m  [1m[34mSELECT "users".* FROM "users" WHERE "users"."email" IS NULL LIMIT $1[0m  [["LIMIT", 1]]
  ↳ app/controllers/session_controller.rb:4:in `login'
  [1m[36mCACHE User Load (0.1ms)[0m  [1m[34mSELECT "users".* FROM "users" WHERE "users"."id" IS NULL LIMIT $1[0m  [["LIMIT", 1]]
  ↳ app/controllers/application_controller.rb:69:in `current_user'
[active_model_serializers] Rendered ActiveModel::Serializer::Null with Hash (0.6ms)
Completed 401 Unauthorized in 18ms (Views: 5.2ms | ActiveRecord: 1.2ms | Allocations: 2384)


Started POST "/login" for 127.0.0.1 at 2023-04-19 08:33:30 +0300
Processing by SessionController#login as */*
  Parameters: {"username"=>"Jeff Maina", "password"=>"[FILTERED]", "session"=>{"username"=>"Jeff Maina", "password"=>"[FILTERED]"}}
  [1m[36mUser Load (0.6ms)[0m  [1m[34mSELECT "users".* FROM "users" WHERE "users"."id" IS NULL LIMIT $1[0m  [["LIMIT", 1]]
  ↳ app/controllers/application_controller.rb:69:in `current_user'
  [1m[36mCACHE User Load (0.1ms)[0m  [1m[34mSELECT "users".* FROM "users" WHERE "users"."id" IS NULL LIMIT $1[0m  [["LIMIT", 1]]
  ↳ app/controllers/application_controller.rb:69:in `current_user'
  [1m[36mUser Load (5.8ms)[0m  [1m[34mSELECT "users".* FROM "users" WHERE "users"."email" IS NULL LIMIT $1[0m  [["LIMIT", 1]]
  ↳ app/controllers/session_controller.rb:4:in `login'
  [1m[36mCACHE User Load (0.1ms)[0m  [1m[34mSELECT "users".* FROM "users" WHERE "users"."id" IS NULL LIMIT $1[0m  [["LIMIT", 1]]
  ↳ app/controllers/application_controller.rb:69:in `current_user'
[active_model_serializers] Rendered ActiveModel::Serializer::Null with Hash (0.43ms)
Completed 401 Unauthorized in 29ms (Views: 6.8ms | ActiveRecord: 6.6ms | Allocations: 2381)


Started POST "/login" for 127.0.0.1 at 2023-04-19 08:33:58 +0300
Processing by SessionController#login as */*
  Parameters: {"email"=>"jeffmaina@gmail.com", "password"=>"[FILTERED]", "session"=>{"email"=>"jeffmaina@gmail.com", "password"=>"[FILTERED]"}}
  [1m[36mUser Load (0.5ms)[0m  [1m[34mSELECT "users".* FROM "users" WHERE "users"."id" IS NULL LIMIT $1[0m  [["LIMIT", 1]]
  ↳ app/controllers/application_controller.rb:69:in `current_user'
  [1m[36mCACHE User Load (0.0ms)[0m  [1m[34mSELECT "users".* FROM "users" WHERE "users"."id" IS NULL LIMIT $1[0m  [["LIMIT", 1]]
  ↳ app/controllers/application_controller.rb:69:in `current_user'
  [1m[36mUser Load (1.0ms)[0m  [1m[34mSELECT "users".* FROM "users" WHERE "users"."email" = $1 LIMIT $2[0m  [["email", "jeffmaina@gmail.com"], ["LIMIT", 1]]
  ↳ app/controllers/session_controller.rb:4:in `login'
  [1m[36mUser Load (0.6ms)[0m  [1m[34mSELECT "users".* FROM "users" WHERE "users"."id" = $1 LIMIT $2[0m  [["id", 1], ["LIMIT", 1]]
  ↳ app/controllers/application_controller.rb:69:in `current_user'
[active_model_serializers] Rendered ActiveModel::Serializer::Null with Hash (1.23ms)
Completed 200 OK in 621ms (Views: 6.2ms | ActiveRecord: 9.5ms | Allocations: 5804)


Started PUT "/update" for 127.0.0.1 at 2023-04-19 08:35:32 +0300
Processing by UsersController#update as */*
  Parameters: {"bio"=>"Fullstack and android developer", "user"=>{"bio"=>"Fullstack and android developer"}}
  [1m[36mUser Load (0.5ms)[0m  [1m[34mSELECT "users".* FROM "users" WHERE "users"."id" = $1 LIMIT $2[0m  [["id", 1], ["LIMIT", 1]]
  ↳ app/controllers/application_controller.rb:69:in `current_user'
  [1m[36mCACHE User Load (0.0ms)[0m  [1m[34mSELECT "users".* FROM "users" WHERE "users"."id" = $1 LIMIT $2[0m  [["id", 1], ["LIMIT", 1]]
  ↳ app/controllers/application_controller.rb:69:in `current_user'
  [1m[36mCACHE User Load (0.1ms)[0m  [1m[34mSELECT "users".* FROM "users" WHERE "users"."id" = $1 LIMIT $2[0m  [["id", 1], ["LIMIT", 1]]
  ↳ app/controllers/application_controller.rb:69:in `current_user'
  [1m[36mCACHE User Load (0.1ms)[0m  [1m[34mSELECT "users".* FROM "users" WHERE "users"."id" = $1 LIMIT $2[0m  [["id", 1], ["LIMIT", 1]]
  ↳ app/controllers/application_controller.rb:69:in `current_user'
  [1m[36mCACHE User Load (0.0ms)[0m  [1m[34mSELECT "users".* FROM "users" WHERE "users"."id" = $1 LIMIT $2[0m  [["id", 1], ["LIMIT", 1]]
  ↳ app/controllers/application_controller.rb:69:in `current_user'
  [1m[36mTRANSACTION (0.4ms)[0m  [1m[35mBEGIN[0m
  ↳ app/controllers/application_controller.rb:15:in `update_last_seen_at'
  [1m[36mUser Update (0.9ms)[0m  [1m[33mUPDATE "users" SET "last_seen_at" = $1, "updated_at" = $2 WHERE "users"."id" = $3[0m  [["last_seen_at", "2023-04-19 05:35:32.118626"], ["updated_at", "2023-04-19 05:35:32.119522"], ["id", 1]]
  ↳ app/controllers/application_controller.rb:15:in `update_last_seen_at'
  [1m[36mPublicActivity::Activity Create (1.5ms)[0m  [1m[32mINSERT INTO "activities" ("trackable_type", "trackable_id", "owner_type", "owner_id", "key", "parameters", "recipient_type", "recipient_id", "created_at", "updated_at") VALUES ($1, $2, $3, $4, $5, $6, $7, $8, $9, $10) RETURNING "id"[0m  [["trackable_type", "User"], ["trackable_id", 1], ["owner_type", nil], ["owner_id", nil], ["key", "user.update"], ["parameters", nil], ["recipient_type", nil], ["recipient_id", nil], ["created_at", "2023-04-19 05:35:32.136292"], ["updated_at", "2023-04-19 05:35:32.136292"]]
  ↳ app/controllers/application_controller.rb:15:in `update_last_seen_at'
  [1m[36mTRANSACTION (1.2ms)[0m  [1m[35mCOMMIT[0m
  ↳ app/controllers/application_controller.rb:15:in `update_last_seen_at'
  [1m[36mUser Load (0.4ms)[0m  [1m[34mSELECT "users".* FROM "users" WHERE "users"."id" = $1 LIMIT $2[0m  [["id", 1], ["LIMIT", 1]]
  ↳ app/controllers/application_controller.rb:69:in `current_user'
[31mUnpermitted parameter: :user. Context: { controller: UsersController, action: update, request: #<ActionDispatch::Request:0x00007f294ce594e0>, params: {"bio"=>"Fullstack and android developer", "controller"=>"users", "action"=>"update", "user"=>{"bio"=>"Fullstack and android developer"}} }[0m
  [1m[36mTRANSACTION (0.4ms)[0m  [1m[35mBEGIN[0m
  ↳ app/controllers/users_controller.rb:61:in `update'
  [1m[36mUser Exists? (0.8ms)[0m  [1m[34mSELECT 1 AS one FROM "users" WHERE "users"."email" = $1 AND "users"."id" != $2 LIMIT $3[0m  [["email", "jeffmaina@gmail.com"], ["id", 1], ["LIMIT", 1]]
  ↳ app/controllers/users_controller.rb:61:in `update'
  [1m[36mUser Update (1.9ms)[0m  [1m[33mUPDATE "users" SET "bio" = $1, "updated_at" = $2 WHERE "users"."id" = $3[0m  [["bio", "Fullstack and android developer"], ["updated_at", "2023-04-19 05:35:32.174107"], ["id", 1]]
  ↳ app/controllers/users_controller.rb:61:in `update'
  [1m[36mPublicActivity::Activity Create (1.3ms)[0m  [1m[32mINSERT INTO "activities" ("trackable_type", "trackable_id", "owner_type", "owner_id", "key", "parameters", "recipient_type", "recipient_id", "created_at", "updated_at") VALUES ($1, $2, $3, $4, $5, $6, $7, $8, $9, $10) RETURNING "id"[0m  [["trackable_type", "User"], ["trackable_id", 1], ["owner_type", nil], ["owner_id", nil], ["key", "user.update"], ["parameters", nil], ["recipient_type", nil], ["recipient_id", nil], ["created_at", "2023-04-19 05:35:32.192475"], ["updated_at", "2023-04-19 05:35:32.192475"]]
  ↳ app/controllers/users_controller.rb:61:in `update'
  [1m[36mTRANSACTION (1.6ms)[0m  [1m[35mCOMMIT[0m
  ↳ app/controllers/users_controller.rb:61:in `update'
  [1m[36mUser Load (0.6ms)[0m  [1m[34mSELECT "users".* FROM "users" WHERE "users"."id" = $1 LIMIT $2[0m  [["id", 1], ["LIMIT", 1]]
  ↳ app/controllers/application_controller.rb:69:in `current_user'
  [1m[36mCACHE User Load (0.1ms)[0m  [1m[34mSELECT "users".* FROM "users" WHERE "users"."id" = $1 LIMIT $2[0m  [["id", 1], ["LIMIT", 1]]
  ↳ app/controllers/application_controller.rb:69:in `current_user'
  [1m[36mCACHE User Load (0.1ms)[0m  [1m[34mSELECT "users".* FROM "users" WHERE "users"."id" = $1 LIMIT $2[0m  [["id", 1], ["LIMIT", 1]]
  ↳ app/controllers/application_controller.rb:69:in `current_user'
  [1m[36mTRANSACTION (0.9ms)[0m  [1m[35mBEGIN[0m
  ↳ app/controllers/users_controller.rb:62:in `update'
  [1m[36mPublicActivity::Activity Create (2.4ms)[0m  [1m[32mINSERT INTO "activities" ("trackable_type", "trackable_id", "owner_type", "owner_id", "key", "parameters", "recipient_type", "recipient_id", "created_at", "updated_at") VALUES ($1, $2, $3, $4, $5, $6, $7, $8, $9, $10) RETURNING "id"[0m  [["trackable_type", "User"], ["trackable_id", 1], ["owner_type", "User"], ["owner_id", 1], ["key", "user.update"], ["parameters", "---\n:user: Jeff Maina\n:task: 'updated their profile details '\n:created_at: at 08:35\n"], ["recipient_type", nil], ["recipient_id", nil], ["created_at", "2023-04-19 05:35:32.229399"], ["updated_at", "2023-04-19 05:35:32.229399"]]
  ↳ app/controllers/users_controller.rb:62:in `update'
  [1m[36mTRANSACTION (2.1ms)[0m  [1m[35mCOMMIT[0m
  ↳ app/controllers/users_controller.rb:62:in `update'
  [1m[36mUser Load (0.9ms)[0m  [1m[34mSELECT "users".* FROM "users" WHERE "users"."id" = $1 LIMIT $2[0m  [["id", 1], ["LIMIT", 1]]
  ↳ app/controllers/application_controller.rb:69:in `current_user'
[active_model_serializers] Rendered ActiveModel::Serializer::Null with Hash (0.26ms)
Completed 200 OK in 156ms (Views: 6.6ms | ActiveRecord: 18.2ms | Allocations: 14419)


